<?xml version="1.0" encoding="UTF-8"?>
<!-- Generated by org.testng.reporters.JUnitXMLReporter -->
<testsuite hostname="Shahin-PC" name="TestOnFirefox" tests="2" failures="1" timestamp="16 Nov 2019 23:49:03 GMT" time="36.728" errors="0">
  <testcase name="gettitle" time="0.011" classname="crossBrowser.TestNGMultiBrowser"/>
  <testcase name="verifyurl" time="0.016" classname="crossBrowser.TestNGMultiBrowser">
    <failure type="junit.framework.ComparisonFailure" message="expected:&amp;lt;...ps://www.google.com/[?gws_rd=ssl]&amp;gt; but was:&amp;lt;...ps://www.google.com/[]&amp;gt;">
      <![CDATA[junit.framework.ComparisonFailure: expected:<...ps://www.google.com/[?gws_rd=ssl]> but was:<...ps://www.google.com/[]>
	at junit.framework.Assert.assertEquals(Assert.java:85)
	at junit.framework.Assert.assertEquals(Assert.java:91)
	at crossBrowser.TestNGMultiBrowser.verifyurl(TestNGMultiBrowser.java:56)
	at java.util.concurrent.FutureTask.run(Unknown Source)
	at java.util.concurrent.ThreadPoolExecutor.runWorker(Unknown Source)
	at java.util.concurrent.ThreadPoolExecutor$Worker.run(Unknown Source)
	at java.lang.Thread.run(Unknown Source)
... Removed 16 stack frames]]>
    </failure>
  </testcase> <!-- verifyurl -->
</testsuite> <!-- TestOnFirefox -->
