<?xml version="1.0" encoding="UTF-8"?>
<testng-results skipped="0" failed="3" total="6" passed="3">
  <reporter-output>
  </reporter-output>
  <suite name="Suite1" duration-ms="36728" started-at="2019-11-16T23:48:26Z" finished-at="2019-11-16T23:49:03Z">
    <groups>
    </groups>
    <test name="TestOnIE" duration-ms="10996" started-at="2019-11-16T23:48:26Z" finished-at="2019-11-16T23:48:37Z">
      <class name="crossBrowser.TestNGMultiBrowser">
        <test-method status="PASS" signature="setup(java.lang.String)[pri:0, instance:crossBrowser.TestNGMultiBrowser@8bd1b6a]" name="setup" is-config="true" duration-ms="5469" started-at="2019-11-16T18:48:26Z" finished-at="2019-11-16T18:48:32Z">
          <params>
            <param index="0">
              <value>
                <![CDATA[IE]]>
              </value>
            </param>
          </params>
          <reporter-output>
          </reporter-output>
        </test-method> <!-- setup -->
        <test-method status="PASS" signature="gettitle()[pri:0, instance:crossBrowser.TestNGMultiBrowser@8bd1b6a]" name="gettitle" duration-ms="37" started-at="2019-11-16T18:48:32Z" finished-at="2019-11-16T18:48:32Z">
          <reporter-output>
          </reporter-output>
        </test-method> <!-- gettitle -->
        <test-method status="PASS" signature="teardown()[pri:0, instance:crossBrowser.TestNGMultiBrowser@8bd1b6a]" name="teardown" is-config="true" duration-ms="619" started-at="2019-11-16T18:48:32Z" finished-at="2019-11-16T18:48:33Z">
          <reporter-output>
          </reporter-output>
        </test-method> <!-- teardown -->
        <test-method status="PASS" signature="setup(java.lang.String)[pri:0, instance:crossBrowser.TestNGMultiBrowser@8bd1b6a]" name="setup" is-config="true" duration-ms="3855" started-at="2019-11-16T18:48:33Z" finished-at="2019-11-16T18:48:36Z">
          <params>
            <param index="0">
              <value>
                <![CDATA[IE]]>
              </value>
            </param>
          </params>
          <reporter-output>
          </reporter-output>
        </test-method> <!-- setup -->
        <test-method status="FAIL" signature="verifyurl()[pri:0, instance:crossBrowser.TestNGMultiBrowser@8bd1b6a]" name="verifyurl" duration-ms="296" started-at="2019-11-16T18:48:36Z" finished-at="2019-11-16T18:48:37Z">
          <exception class="junit.framework.ComparisonFailure">
            <message>
              <![CDATA[expected:<...ps://www.google.com/[?gws_rd=ssl#spf=1573948115622]> but was:<...ps://www.google.com/[]>]]>
            </message>
            <full-stacktrace>
              <![CDATA[junit.framework.ComparisonFailure: expected:<...ps://www.google.com/[?gws_rd=ssl#spf=1573948115622]> but was:<...ps://www.google.com/[]>
	at junit.framework.Assert.assertEquals(Assert.java:85)
	at junit.framework.Assert.assertEquals(Assert.java:91)
	at crossBrowser.TestNGMultiBrowser.verifyurl(TestNGMultiBrowser.java:56)
	at sun.reflect.NativeMethodAccessorImpl.invoke0(Native Method)
	at sun.reflect.NativeMethodAccessorImpl.invoke(Unknown Source)
	at sun.reflect.DelegatingMethodAccessorImpl.invoke(Unknown Source)
	at java.lang.reflect.Method.invoke(Unknown Source)
	at org.testng.internal.MethodInvocationHelper.invokeMethod(MethodInvocationHelper.java:80)
	at org.testng.internal.Invoker.invokeMethod(Invoker.java:714)
	at org.testng.internal.Invoker.invokeTestMethod(Invoker.java:901)
	at org.testng.internal.Invoker.invokeTestMethods(Invoker.java:1231)
	at org.testng.internal.TestMethodWorker.invokeTestMethods(TestMethodWorker.java:127)
	at org.testng.internal.TestMethodWorker.run(TestMethodWorker.java:111)
	at org.testng.TestRunner.privateRun(TestRunner.java:767)
	at org.testng.TestRunner.run(TestRunner.java:617)
	at org.testng.SuiteRunner.runTest(SuiteRunner.java:334)
	at org.testng.SuiteRunner.access$000(SuiteRunner.java:37)
	at org.testng.SuiteRunner$SuiteWorker.run(SuiteRunner.java:368)
	at org.testng.internal.thread.ThreadUtil$2.call(ThreadUtil.java:64)
	at java.util.concurrent.FutureTask.run(Unknown Source)
	at java.util.concurrent.ThreadPoolExecutor.runWorker(Unknown Source)
	at java.util.concurrent.ThreadPoolExecutor$Worker.run(Unknown Source)
	at java.lang.Thread.run(Unknown Source)
]]>
            </full-stacktrace>
          </exception> <!-- junit.framework.ComparisonFailure -->
          <reporter-output>
          </reporter-output>
        </test-method> <!-- verifyurl -->
        <test-method status="PASS" signature="teardown()[pri:0, instance:crossBrowser.TestNGMultiBrowser@8bd1b6a]" name="teardown" is-config="true" duration-ms="700" started-at="2019-11-16T18:48:37Z" finished-at="2019-11-16T18:48:37Z">
          <reporter-output>
          </reporter-output>
        </test-method> <!-- teardown -->
      </class> <!-- crossBrowser.TestNGMultiBrowser -->
    </test> <!-- TestOnIE -->
    <test name="TestOnChrome" duration-ms="29297" started-at="2019-11-16T23:48:26Z" finished-at="2019-11-16T23:48:56Z">
      <class name="crossBrowser.TestNGMultiBrowser">
        <test-method status="PASS" signature="setup(java.lang.String)[pri:0, instance:crossBrowser.TestNGMultiBrowser@724af044]" name="setup" is-config="true" duration-ms="14460" started-at="2019-11-16T18:48:26Z" finished-at="2019-11-16T18:48:41Z">
          <params>
            <param index="0">
              <value>
                <![CDATA[chrome]]>
              </value>
            </param>
          </params>
          <reporter-output>
          </reporter-output>
        </test-method> <!-- setup -->
        <test-method status="PASS" signature="gettitle()[pri:0, instance:crossBrowser.TestNGMultiBrowser@724af044]" name="gettitle" duration-ms="6" started-at="2019-11-16T18:48:41Z" finished-at="2019-11-16T18:48:41Z">
          <reporter-output>
          </reporter-output>
        </test-method> <!-- gettitle -->
        <test-method status="PASS" signature="teardown()[pri:0, instance:crossBrowser.TestNGMultiBrowser@724af044]" name="teardown" is-config="true" duration-ms="1128" started-at="2019-11-16T18:48:41Z" finished-at="2019-11-16T18:48:42Z">
          <reporter-output>
          </reporter-output>
        </test-method> <!-- teardown -->
        <test-method status="PASS" signature="setup(java.lang.String)[pri:0, instance:crossBrowser.TestNGMultiBrowser@724af044]" name="setup" is-config="true" duration-ms="12447" started-at="2019-11-16T18:48:42Z" finished-at="2019-11-16T18:48:54Z">
          <params>
            <param index="0">
              <value>
                <![CDATA[chrome]]>
              </value>
            </param>
          </params>
          <reporter-output>
          </reporter-output>
        </test-method> <!-- setup -->
        <test-method status="FAIL" signature="verifyurl()[pri:0, instance:crossBrowser.TestNGMultiBrowser@724af044]" name="verifyurl" duration-ms="9" started-at="2019-11-16T18:48:54Z" finished-at="2019-11-16T18:48:55Z">
          <exception class="junit.framework.ComparisonFailure">
            <message>
              <![CDATA[expected:<...ps://www.google.com/[?gws_rd=ssl]> but was:<...ps://www.google.com/[]>]]>
            </message>
            <full-stacktrace>
              <![CDATA[junit.framework.ComparisonFailure: expected:<...ps://www.google.com/[?gws_rd=ssl]> but was:<...ps://www.google.com/[]>
	at junit.framework.Assert.assertEquals(Assert.java:85)
	at junit.framework.Assert.assertEquals(Assert.java:91)
	at crossBrowser.TestNGMultiBrowser.verifyurl(TestNGMultiBrowser.java:56)
	at sun.reflect.NativeMethodAccessorImpl.invoke0(Native Method)
	at sun.reflect.NativeMethodAccessorImpl.invoke(Unknown Source)
	at sun.reflect.DelegatingMethodAccessorImpl.invoke(Unknown Source)
	at java.lang.reflect.Method.invoke(Unknown Source)
	at org.testng.internal.MethodInvocationHelper.invokeMethod(MethodInvocationHelper.java:80)
	at org.testng.internal.Invoker.invokeMethod(Invoker.java:714)
	at org.testng.internal.Invoker.invokeTestMethod(Invoker.java:901)
	at org.testng.internal.Invoker.invokeTestMethods(Invoker.java:1231)
	at org.testng.internal.TestMethodWorker.invokeTestMethods(TestMethodWorker.java:127)
	at org.testng.internal.TestMethodWorker.run(TestMethodWorker.java:111)
	at org.testng.TestRunner.privateRun(TestRunner.java:767)
	at org.testng.TestRunner.run(TestRunner.java:617)
	at org.testng.SuiteRunner.runTest(SuiteRunner.java:334)
	at org.testng.SuiteRunner.access$000(SuiteRunner.java:37)
	at org.testng.SuiteRunner$SuiteWorker.run(SuiteRunner.java:368)
	at org.testng.internal.thread.ThreadUtil$2.call(ThreadUtil.java:64)
	at java.util.concurrent.FutureTask.run(Unknown Source)
	at java.util.concurrent.ThreadPoolExecutor.runWorker(Unknown Source)
	at java.util.concurrent.ThreadPoolExecutor$Worker.run(Unknown Source)
	at java.lang.Thread.run(Unknown Source)
]]>
            </full-stacktrace>
          </exception> <!-- junit.framework.ComparisonFailure -->
          <reporter-output>
          </reporter-output>
        </test-method> <!-- verifyurl -->
        <test-method status="PASS" signature="teardown()[pri:0, instance:crossBrowser.TestNGMultiBrowser@724af044]" name="teardown" is-config="true" duration-ms="1227" started-at="2019-11-16T18:48:55Z" finished-at="2019-11-16T18:48:56Z">
          <reporter-output>
          </reporter-output>
        </test-method> <!-- teardown -->
      </class> <!-- crossBrowser.TestNGMultiBrowser -->
    </test> <!-- TestOnChrome -->
    <test name="TestOnFirefox" duration-ms="36728" started-at="2019-11-16T23:48:26Z" finished-at="2019-11-16T23:49:03Z">
      <class name="crossBrowser.TestNGMultiBrowser">
        <test-method status="PASS" signature="setup(java.lang.String)[pri:0, instance:crossBrowser.TestNGMultiBrowser@5dfcfece]" name="setup" is-config="true" duration-ms="11787" started-at="2019-11-16T18:48:26Z" finished-at="2019-11-16T18:48:38Z">
          <params>
            <param index="0">
              <value>
                <![CDATA[firefox]]>
              </value>
            </param>
          </params>
          <reporter-output>
          </reporter-output>
        </test-method> <!-- setup -->
        <test-method status="PASS" signature="gettitle()[pri:0, instance:crossBrowser.TestNGMultiBrowser@5dfcfece]" name="gettitle" duration-ms="11" started-at="2019-11-16T18:48:38Z" finished-at="2019-11-16T18:48:38Z">
          <reporter-output>
          </reporter-output>
        </test-method> <!-- gettitle -->
        <test-method status="PASS" signature="teardown()[pri:0, instance:crossBrowser.TestNGMultiBrowser@5dfcfece]" name="teardown" is-config="true" duration-ms="8043" started-at="2019-11-16T18:48:38Z" finished-at="2019-11-16T18:48:46Z">
          <reporter-output>
          </reporter-output>
        </test-method> <!-- teardown -->
        <test-method status="PASS" signature="setup(java.lang.String)[pri:0, instance:crossBrowser.TestNGMultiBrowser@5dfcfece]" name="setup" is-config="true" duration-ms="10797" started-at="2019-11-16T18:48:46Z" finished-at="2019-11-16T18:48:57Z">
          <params>
            <param index="0">
              <value>
                <![CDATA[firefox]]>
              </value>
            </param>
          </params>
          <reporter-output>
          </reporter-output>
        </test-method> <!-- setup -->
        <test-method status="FAIL" signature="verifyurl()[pri:0, instance:crossBrowser.TestNGMultiBrowser@5dfcfece]" name="verifyurl" duration-ms="16" started-at="2019-11-16T18:48:57Z" finished-at="2019-11-16T18:48:57Z">
          <exception class="junit.framework.ComparisonFailure">
            <message>
              <![CDATA[expected:<...ps://www.google.com/[?gws_rd=ssl]> but was:<...ps://www.google.com/[]>]]>
            </message>
            <full-stacktrace>
              <![CDATA[junit.framework.ComparisonFailure: expected:<...ps://www.google.com/[?gws_rd=ssl]> but was:<...ps://www.google.com/[]>
	at junit.framework.Assert.assertEquals(Assert.java:85)
	at junit.framework.Assert.assertEquals(Assert.java:91)
	at crossBrowser.TestNGMultiBrowser.verifyurl(TestNGMultiBrowser.java:56)
	at sun.reflect.NativeMethodAccessorImpl.invoke0(Native Method)
	at sun.reflect.NativeMethodAccessorImpl.invoke(Unknown Source)
	at sun.reflect.DelegatingMethodAccessorImpl.invoke(Unknown Source)
	at java.lang.reflect.Method.invoke(Unknown Source)
	at org.testng.internal.MethodInvocationHelper.invokeMethod(MethodInvocationHelper.java:80)
	at org.testng.internal.Invoker.invokeMethod(Invoker.java:714)
	at org.testng.internal.Invoker.invokeTestMethod(Invoker.java:901)
	at org.testng.internal.Invoker.invokeTestMethods(Invoker.java:1231)
	at org.testng.internal.TestMethodWorker.invokeTestMethods(TestMethodWorker.java:127)
	at org.testng.internal.TestMethodWorker.run(TestMethodWorker.java:111)
	at org.testng.TestRunner.privateRun(TestRunner.java:767)
	at org.testng.TestRunner.run(TestRunner.java:617)
	at org.testng.SuiteRunner.runTest(SuiteRunner.java:334)
	at org.testng.SuiteRunner.access$000(SuiteRunner.java:37)
	at org.testng.SuiteRunner$SuiteWorker.run(SuiteRunner.java:368)
	at org.testng.internal.thread.ThreadUtil$2.call(ThreadUtil.java:64)
	at java.util.concurrent.FutureTask.run(Unknown Source)
	at java.util.concurrent.ThreadPoolExecutor.runWorker(Unknown Source)
	at java.util.concurrent.ThreadPoolExecutor$Worker.run(Unknown Source)
	at java.lang.Thread.run(Unknown Source)
]]>
            </full-stacktrace>
          </exception> <!-- junit.framework.ComparisonFailure -->
          <reporter-output>
          </reporter-output>
        </test-method> <!-- verifyurl -->
        <test-method status="PASS" signature="teardown()[pri:0, instance:crossBrowser.TestNGMultiBrowser@5dfcfece]" name="teardown" is-config="true" duration-ms="6053" started-at="2019-11-16T18:48:57Z" finished-at="2019-11-16T18:49:03Z">
          <reporter-output>
          </reporter-output>
        </test-method> <!-- teardown -->
      </class> <!-- crossBrowser.TestNGMultiBrowser -->
    </test> <!-- TestOnFirefox -->
  </suite> <!-- Suite1 -->
</testng-results>
